# JRE version: Java(TM) SE Runtime Environment (8.0_231-b11) (build 1.8.0_231-b11)
# Java VM: Java HotSpot(TM) 64-Bit Server VM (25.231-b11 mixed mode windows-amd64 compressed oops)
Heap:
 PSYoungGen      total 107008K, used 75167K [0x00000000f5580000, 0x00000000ffe80000, 0x0000000100000000)
  eden space 105472K, 69% used [0x00000000f5580000,0x00000000f9d8ee60,0x00000000fbc80000)
  from space 1536K, 89% used [0x00000000fbf00000,0x00000000fc059048,0x00000000fc080000)
  to   space 33792K, 0% used [0x00000000fdd80000,0x00000000fdd80000,0x00000000ffe80000)
 ParOldGen       total 175104K, used 135769K [0x00000000e0000000, 0x00000000eab00000, 0x00000000f5580000)
  object space 175104K, 77% used [0x00000000e0000000,0x00000000e84965f8,0x00000000eab00000)
 Metaspace       used 76598K, capacity 83342K, committed 83456K, reserved 1120256K
  class space    used 10401K, capacity 11724K, committed 11776K, reserved 1048576K
GC Heap History (10 events):
Event: 65.850 GC heap before
{Heap before GC invocations=18 (full 3):
 PSYoungGen      total 150016K, used 132640K [0x00000000f5580000, 0x0000000100000000, 0x0000000100000000)
  eden space 125440K, 100% used [0x00000000f5580000,0x00000000fd000000,0x00000000fd000000)
  from space 24576K, 29% used [0x00000000fe800000,0x00000000fef08040,0x0000000100000000)
  to   space 24576K, 0% used [0x00000000fd000000,0x00000000fd000000,0x00000000fe800000)
 ParOldGen       total 175104K, used 82740K [0x00000000e0000000, 0x00000000eab00000, 0x00000000f5580000)
  object space 175104K, 47% used [0x00000000e0000000,0x00000000e50cd3d8,0x00000000eab00000)
 Metaspace       used 69448K, capacity 74930K, committed 75264K, reserved 1114112K
  class space    used 9758K, capacity 10908K, committed 11008K, reserved 1048576K
Event: 65.859 GC heap after
Heap after GC invocations=18 (full 3):
 PSYoungGen      total 130048K, used 7421K [0x00000000f5580000, 0x00000000ffd00000, 0x0000000100000000)
  eden space 122368K, 0% used [0x00000000f5580000,0x00000000f5580000,0x00000000fcd00000)
  from space 7680K, 96% used [0x00000000fd000000,0x00000000fd73f590,0x00000000fd780000)
  to   space 24576K, 0% used [0x00000000fe500000,0x00000000fe500000,0x00000000ffd00000)
 ParOldGen       total 175104K, used 89162K [0x00000000e0000000, 0x00000000eab00000, 0x00000000f5580000)
  object space 175104K, 50% used [0x00000000e0000000,0x00000000e5712950,0x00000000eab00000)
 Metaspace       used 69448K, capacity 74930K, committed 75264K, reserved 1114112K
  class space    used 9758K, capacity 10908K, committed 11008K, reserved 1048576K
}
Event: 291.366 GC heap before
{Heap before GC invocations=19 (full 3):
 PSYoungGen      total 130048K, used 129789K [0x00000000f5580000, 0x00000000ffd00000, 0x0000000100000000)
  eden space 122368K, 100% used [0x00000000f5580000,0x00000000fcd00000,0x00000000fcd00000)
  from space 7680K, 96% used [0x00000000fd000000,0x00000000fd73f590,0x00000000fd780000)
  to   space 24576K, 0% used [0x00000000fe500000,0x00000000fe500000,0x00000000ffd00000)
 ParOldGen       total 175104K, used 89162K [0x00000000e0000000, 0x00000000eab00000, 0x00000000f5580000)
  object space 175104K, 50% used [0x00000000e0000000,0x00000000e5712950,0x00000000eab00000)
 Metaspace       used 75118K, capacity 81156K, committed 81408K, reserved 1120256K
  class space    used 10280K, capacity 11517K, committed 11520K, reserved 1048576K
Event: 291.381 GC heap after
Heap after GC invocations=19 (full 3):
 PSYoungGen      total 140800K, used 16525K [0x00000000f5580000, 0x00000000ffa00000, 0x0000000100000000)
  eden space 119296K, 0% used [0x00000000f5580000,0x00000000f5580000,0x00000000fca00000)
  from space 21504K, 76% used [0x00000000fe500000,0x00000000ff523708,0x00000000ffa00000)
  to   space 24576K, 0% used [0x00000000fca00000,0x00000000fca00000,0x00000000fe200000)
 ParOldGen       total 175104K, used 95821K [0x00000000e0000000, 0x00000000eab00000, 0x00000000f5580000)
  object space 175104K, 54% used [0x00000000e0000000,0x00000000e5d934c0,0x00000000eab00000)
 Metaspace       used 75118K, capacity 81156K, committed 81408K, reserved 1120256K
  class space    used 10280K, capacity 11517K, committed 11520K, reserved 1048576K
}
Event: 293.861 GC heap before
{Heap before GC invocations=20 (full 3):
 PSYoungGen      total 140800K, used 135821K [0x00000000f5580000, 0x00000000ffa00000, 0x0000000100000000)
  eden space 119296K, 100% used [0x00000000f5580000,0x00000000fca00000,0x00000000fca00000)
  from space 21504K, 76% used [0x00000000fe500000,0x00000000ff523708,0x00000000ffa00000)
  to   space 24576K, 0% used [0x00000000fca00000,0x00000000fca00000,0x00000000fe200000)
 ParOldGen       total 175104K, used 95821K [0x00000000e0000000, 0x00000000eab00000, 0x00000000f5580000)
  object space 175104K, 54% used [0x00000000e0000000,0x00000000e5d934c0,0x00000000eab00000)
 Metaspace       used 75550K, capacity 81610K, committed 81792K, reserved 1120256K
  class space    used 10299K, capacity 11546K, committed 11648K, reserved 1048576K
Event: 293.878 GC heap after
Heap after GC invocations=20 (full 3):
 PSYoungGen      total 140800K, used 24546K [0x00000000f5580000, 0x0000000100000000, 0x0000000100000000)
  eden space 116224K, 0% used [0x00000000f5580000,0x00000000f5580000,0x00000000fc700000)
  from space 24576K, 99% used [0x00000000fca00000,0x00000000fe1f8960,0x00000000fe200000)
  to   space 30720K, 0% used [0x00000000fe200000,0x00000000fe200000,0x0000000100000000)
 ParOldGen       total 175104K, used 109950K [0x00000000e0000000, 0x00000000eab00000, 0x00000000f5580000)
  object space 175104K, 62% used [0x00000000e0000000,0x00000000e6b5f9a0,0x00000000eab00000)
 Metaspace       used 75550K, capacity 81610K, committed 81792K, reserved 1120256K
  class space    used 10299K, capacity 11546K, committed 11648K, reserved 1048576K
}
Event: 295.083 GC heap before
{Heap before GC invocations=21 (full 3):
 PSYoungGen      total 140800K, used 140767K [0x00000000f5580000, 0x0000000100000000, 0x0000000100000000)
  eden space 116224K, 99% used [0x00000000f5580000,0x00000000fc6ff330,0x00000000fc700000)
  from space 24576K, 99% used [0x00000000fca00000,0x00000000fe1f8960,0x00000000fe200000)
  to   space 30720K, 0% used [0x00000000fe200000,0x00000000fe200000,0x0000000100000000)
 ParOldGen       total 175104K, used 109950K [0x00000000e0000000, 0x00000000eab00000, 0x00000000f5580000)
  object space 175104K, 62% used [0x00000000e0000000,0x00000000e6b5f9a0,0x00000000eab00000)
 Metaspace       used 75878K, capacity 82086K, committed 82304K, reserved 1120256K
  class space    used 10336K, capacity 11614K, committed 11648K, reserved 1048576K
Event: 295.104 GC heap after
Heap after GC invocations=21 (full 3):
 PSYoungGen      total 138752K, used 3504K [0x00000000f5580000, 0x0000000100000000, 0x0000000100000000)
  eden space 108032K, 0% used [0x00000000f5580000,0x00000000f5580000,0x00000000fbf00000)
  from space 30720K, 11% used [0x00000000fe200000,0x00000000fe56c040,0x0000000100000000)
  to   space 33280K, 0% used [0x00000000fbf00000,0x00000000fbf00000,0x00000000fdf80000)
 ParOldGen       total 175104K, used 133945K [0x00000000e0000000, 0x00000000eab00000, 0x00000000f5580000)
  object space 175104K, 76% used [0x00000000e0000000,0x00000000e82ce640,0x00000000eab00000)
 Metaspace       used 75878K, capacity 82086K, committed 82304K, reserved 1120256K
  class space    used 10336K, capacity 11614K, committed 11648K, reserved 1048576K
}
Event: 3361.258 GC heap before
{Heap before GC invocations=22 (full 3):
 PSYoungGen      total 138752K, used 111536K [0x00000000f5580000, 0x0000000100000000, 0x0000000100000000)
  eden space 108032K, 100% used [0x00000000f5580000,0x00000000fbf00000,0x00000000fbf00000)
  from space 30720K, 11% used [0x00000000fe200000,0x00000000fe56c040,0x0000000100000000)
  to   space 33280K, 0% used [0x00000000fbf00000,0x00000000fbf00000,0x00000000fdf80000)
 ParOldGen       total 175104K, used 133945K [0x00000000e0000000, 0x00000000eab00000, 0x00000000f5580000)
  object space 175104K, 76% used [0x00000000e0000000,0x00000000e82ce640,0x00000000eab00000)
 Metaspace       used 76188K, capacity 82568K, committed 82816K, reserved 1120256K
  class space    used 10347K, capacity 11629K, committed 11648K, reserved 1048576K
Event: 3361.265 GC heap after
Heap after GC invocations=22 (full 3):
 PSYoungGen      total 107008K, used 1380K [0x00000000f5580000, 0x00000000ffe80000, 0x0000000100000000)
  eden space 105472K, 0% used [0x00000000f5580000,0x00000000f5580000,0x00000000fbc80000)
  from space 1536K, 89% used [0x00000000fbf00000,0x00000000fc059048,0x00000000fc080000)
  to   space 33792K, 0% used [0x00000000fdd80000,0x00000000fdd80000,0x00000000ffe80000)
 ParOldGen       total 175104K, used 135769K [0x00000000e0000000, 0x00000000eab00000, 0x00000000f5580000)
  object space 175104K, 77% used [0x00000000e0000000,0x00000000e84965f8,0x00000000eab00000)
 Metaspace       used 76188K, capacity 82568K, committed 82816K, reserved 1120256K
  class space    used 10347K, capacity 11629K, committed 11648K, reserved 1048576K
}

